  Game.cpp
C:\Users\Dylan\Desktop\motionGraphicsBackup\LevelEditor\OneButtonPlatformer\Game.h(48,8): warning C4305: 'initializing': truncation from 'double' to 'float'
C:\Users\Dylan\Desktop\motionGraphicsBackup\LevelEditor\OneButtonPlatformer\Game.h(66,19): warning C4244: 'initializing': conversion from 'double' to 'int', possible loss of data
C:\Users\Dylan\Desktop\motionGraphicsBackup\LevelEditor\OneButtonPlatformer\Game.cpp(97,26): warning C4244: 'argument': conversion from 'int' to 'float', possible loss of data
C:\Users\Dylan\Desktop\motionGraphicsBackup\LevelEditor\OneButtonPlatformer\Game.cpp(105,16): warning C4305: '=': truncation from 'double' to 'float'
C:\Users\Dylan\Desktop\motionGraphicsBackup\LevelEditor\OneButtonPlatformer\Game.cpp(193,46): warning C4244: 'argument': conversion from 'int' to 'float', possible loss of data
C:\Users\Dylan\Desktop\motionGraphicsBackup\LevelEditor\OneButtonPlatformer\Game.cpp(193,36): warning C4244: 'argument': conversion from 'int' to 'float', possible loss of data
C:\Users\Dylan\Desktop\motionGraphicsBackup\LevelEditor\OneButtonPlatformer\Game.cpp(255,90): warning C4244: 'argument': conversion from 'T' to 'float', possible loss of data
          with
          [
              T=unsigned int
          ]
C:\Users\Dylan\Desktop\motionGraphicsBackup\LevelEditor\OneButtonPlatformer\Game.cpp(255,52): warning C4244: 'argument': conversion from 'T' to 'float', possible loss of data
          with
          [
              T=unsigned int
          ]
C:\Users\Dylan\Desktop\motionGraphicsBackup\LevelEditor\OneButtonPlatformer\Game.cpp(272,47): warning C4244: '=': conversion from 'T' to 'T', possible loss of data
          with
          [
              T=int
          ]
          and
          [
              T=float
          ]
C:\Users\Dylan\Desktop\motionGraphicsBackup\LevelEditor\OneButtonPlatformer\Game.cpp(273,47): warning C4244: '=': conversion from 'T' to 'T', possible loss of data
          with
          [
              T=int
          ]
          and
          [
              T=float
          ]
C:\Users\Dylan\Desktop\motionGraphicsBackup\LevelEditor\OneButtonPlatformer\Game.cpp(369,47): warning C4244: '=': conversion from 'T' to 'T', possible loss of data
          with
          [
              T=int
          ]
          and
          [
              T=float
          ]
C:\Users\Dylan\Desktop\motionGraphicsBackup\LevelEditor\OneButtonPlatformer\Game.cpp(370,47): warning C4244: '=': conversion from 'T' to 'T', possible loss of data
          with
          [
              T=int
          ]
          and
          [
              T=float
          ]
C:\Users\Dylan\Desktop\motionGraphicsBackup\LevelEditor\OneButtonPlatformer\Game.cpp(410,22): warning C4305: '=': truncation from 'double' to 'float'
C:\Users\Dylan\Desktop\motionGraphicsBackup\LevelEditor\OneButtonPlatformer\Game.cpp(563,16): warning C4244: '=': conversion from 'double' to 'int', possible loss of data
C:\Users\Dylan\Desktop\motionGraphicsBackup\LevelEditor\OneButtonPlatformer\Game.cpp(569,17): warning C4244: '=': conversion from 'double' to 'int', possible loss of data
  OneButtonPlatformer.vcxproj -> C:\Users\Dylan\Desktop\motionGraphicsBackup\LevelEditor\Debug\OneButtonPlatformer.exe
